#
# There is insufficient memory for the Java Runtime Environment to continue.
# Native memory allocation (malloc) failed to allocate 1048576 bytes for AllocateHeap
# Possible reasons:
#   The system is out of physical RAM or swap space
#   In 32 bit mode, the process size limit was hit
# Possible solutions:
#   Reduce memory load on the system
#   Increase physical memory or swap space
#   Check if swap backing store is full
#   Use 64 bit Java on a 64 bit OS
#   Decrease Java heap size (-Xmx/-Xms)
#   Decrease number of Java threads
#   Decrease Java thread stack sizes (-Xss)
#   Set larger code cache with -XX:ReservedCodeCacheSize=
# This output file may be truncated or incomplete.
#
#  Out of Memory Error (memory/allocation.inline.hpp:61), pid=8348, tid=16344
#
# JRE version:  (8.0_60-b27) (build )
# Java VM: Java HotSpot(TM) 64-Bit Server VM (25.60-b23 mixed mode windows-amd64 compressed oops)
# Failed to write core dump. Minidumps are not enabled by default on client versions of Windows
#

---------------  T H R E A D  ---------------

Current thread (0x0000000002a90800):  JavaThread "Unknown thread" [_thread_in_vm, id=16344, stack(0x00000000028d0000,0x00000000029d0000)]

Stack: [0x00000000028d0000,0x00000000029d0000]
[error occurred during error reporting (printing stack bounds), id 0xc0000005]

Native frames: (J=compiled Java code, j=interpreted, Vv=VM code, C=native code)


---------------  P R O C E S S  ---------------

Java Threads: ( => current thread )

Other Threads:

=>0x0000000002a90800 (exited) JavaThread "Unknown thread" [_thread_in_vm, id=16344, stack(0x00000000028d0000,0x00000000029d0000)]

VM state:not at safepoint (normal execution)

VM Mutex/Monitor currently owned by a thread: None

Heap:
 PSYoungGen      total 38400K, used 665K [0x00000000d5f80000, 0x00000000d8a00000, 0x0000000100000000)
  eden space 33280K, 2% used [0x00000000d5f80000,0x00000000d6026670,0x00000000d8000000)
  from space 5120K, 0% used [0x00000000d8500000,0x00000000d8500000,0x00000000d8a00000)
  to   space 5120K, 0% used [0x00000000d8000000,0x00000000d8000000,0x00000000d8500000)
 ParOldGen       total 87552K, used 0K [0x0000000081e00000, 0x0000000087380000, 0x00000000d5f80000)
  object space 87552K, 0% used [0x0000000081e00000,0x0000000081e00000,0x0000000087380000)
 Metaspace       used 767K, capacity 4480K, committed 4480K, reserved 1056768K
  class space    used 75K, capacity 384K, committed 384K, reserved 1048576K

Card table byte_map: [0x0000000011f50000,0x0000000012350000] byte_map_base: 0x0000000011b41000

Marking Bits: (ParMarkBitMap*) 0x00000000533ea5b0
 Begin Bits: [0x0000000012a00000, 0x0000000014988000)
 End Bits:   [0x0000000014988000, 0x0000000016910000)

Polling page: 0x00000000007f0000

CodeCache: size=245760Kb used=328Kb max_used=328Kb free=245431Kb
 bounds [0x0000000002b90000, 0x0000000002e00000, 0x0000000011b90000]
 total_blobs=57 nmethods=0 adapters=37
 compilation: enabled

Compilation events (0 events):
No events

GC Heap History (0 events):
No events

Deoptimization events (0 events):
No events

Internal exceptions (0 events):
No events

Events (10 events):
Event: 0.027 loading class java/lang/Short
Event: 0.027 loading class java/lang/Short done
Event: 0.027 loading class java/lang/Integer
Event: 0.027 loading class java/lang/Integer done
Event: 0.027 loading class java/lang/Long
Event: 0.027 loading class java/lang/Long done
Event: 0.028 loading class java/lang/NullPointerException
Event: 0.028 loading class java/lang/NullPointerException done
Event: 0.028 loading class java/lang/ArithmeticException
Event: 0.028 loading class java/lang/ArithmeticException done


Dynamic libraries:
0x00007ff798f10000 - 0x00007ff798f47000 	C:\Program Files\Java\jdk1.8.0_60\bin\java.exe
0x00007ffc28fa0000 - 0x00007ffc29190000 	C:\WINDOWS\SYSTEM32\ntdll.dll
0x00007ffc28220000 - 0x00007ffc282d2000 	C:\WINDOWS\System32\KERNEL32.DLL
0x00007ffc265f0000 - 0x00007ffc26893000 	C:\WINDOWS\System32\KERNELBASE.dll
0x00007ffc282e0000 - 0x00007ffc28383000 	C:\WINDOWS\System32\ADVAPI32.dll
0x00007ffc28730000 - 0x00007ffc287ce000 	C:\WINDOWS\System32\msvcrt.dll
0x00007ffc273a0000 - 0x00007ffc27437000 	C:\WINDOWS\System32\sechost.dll
0x00007ffc27780000 - 0x00007ffc278a0000 	C:\WINDOWS\System32\RPCRT4.dll
0x00007ffc28530000 - 0x00007ffc286c4000 	C:\WINDOWS\System32\USER32.dll
0x00007ffc27020000 - 0x00007ffc27041000 	C:\WINDOWS\System32\win32u.dll
0x00007ffc28980000 - 0x00007ffc289a6000 	C:\WINDOWS\System32\GDI32.dll
0x00007ffc26000000 - 0x00007ffc26194000 	C:\WINDOWS\System32\gdi32full.dll
0x00007ffc26550000 - 0x00007ffc265ee000 	C:\WINDOWS\System32\msvcp_win.dll
0x00007ffc26450000 - 0x00007ffc2654a000 	C:\WINDOWS\System32\ucrtbase.dll
0x00007ffc18630000 - 0x00007ffc188b5000 	C:\WINDOWS\WinSxS\amd64_microsoft.windows.common-controls_6595b64144ccf1df_6.0.18362.720_none_e6beb5c51314836b\COMCTL32.dll
0x00007ffc27440000 - 0x00007ffc27776000 	C:\WINDOWS\System32\combase.dll
0x00007ffc261a0000 - 0x00007ffc26220000 	C:\WINDOWS\System32\bcryptPrimitives.dll
0x00007ffc27050000 - 0x00007ffc2707e000 	C:\WINDOWS\System32\IMM32.DLL
0x0000000053470000 - 0x0000000053542000 	C:\Program Files\Java\jdk1.8.0_60\jre\bin\msvcr100.dll
0x0000000052be0000 - 0x0000000053469000 	C:\Program Files\Java\jdk1.8.0_60\jre\bin\server\jvm.dll
0x00007ffc27b10000 - 0x00007ffc27b18000 	C:\WINDOWS\System32\PSAPI.DLL
0x00007ffc1b260000 - 0x00007ffc1b26a000 	C:\WINDOWS\SYSTEM32\VERSION.dll
0x00007ffc23ba0000 - 0x00007ffc23bc4000 	C:\WINDOWS\SYSTEM32\WINMM.dll
0x00007ffc17af0000 - 0x00007ffc17af9000 	C:\WINDOWS\SYSTEM32\WSOCK32.dll
0x00007ffc27a20000 - 0x00007ffc27a8f000 	C:\WINDOWS\System32\WS2_32.dll
0x00007ffc23b70000 - 0x00007ffc23b9d000 	C:\WINDOWS\SYSTEM32\winmmbase.dll
0x00007ffc25f30000 - 0x00007ffc25f7a000 	C:\WINDOWS\System32\cfgmgr32.dll
0x0000000052bd0000 - 0x0000000052bdf000 	C:\Program Files\Java\jdk1.8.0_60\jre\bin\verify.dll
0x0000000052ba0000 - 0x0000000052bc9000 	C:\Program Files\Java\jdk1.8.0_60\jre\bin\java.dll
0x0000000052b80000 - 0x0000000052b96000 	C:\Program Files\Java\jdk1.8.0_60\jre\bin\zip.dll

VM Arguments:
java_command: Hours
java_class_path (initial): .
Launcher Type: SUN_STANDARD

Environment Variables:
PATH=C:\Program Files\Haskell\bin;C:\Program Files\Haskell Platform\8.4.3\lib\extralibs\bin;C:\Program Files\Haskell Platform\8.4.3\bin;C:\Program Files (x86)\OpenSSH\bin;C:\WINDOWS\system32;C:\WINDOWS;C:\WINDOWS\System32\Wbem;C:\WINDOWS\System32\WindowsPowerShell\v1.0\;C:\WINDOWS\System32\OpenSSH\;C:\Program Files\Haskell Platform\8.4.3\mingw\bin;C:\Program Files (x86)\Elm\0.19\bin;C:\Users\User\AppData\Roaming\cabal\bin;C:\Users\User\AppData\Roaming\local\bin;C:\Program Files\Java\jdk1.8.0_60\bin;C:\Users\User\AppData\Local\Microsoft\WindowsApps;C:\Program Files (x86)\SSH Communications Security\SSH Secure Shell;C:\Users\User\AppData\Local\GitHubDesktop\bin;
USERNAME=User
OS=Windows_NT
PROCESSOR_IDENTIFIER=Intel64 Family 6 Model 58 Stepping 9, GenuineIntel



---------------  S Y S T E M  ---------------

OS: Windows 10.0 , 64 bit Build 18362 (10.0.18362.329)

CPU:total 4 (2 cores per cpu, 2 threads per core) family 6 model 58 stepping 9, cmov, cx8, fxsr, mmx, sse, sse2, sse3, ssse3, sse4.1, sse4.2, popcnt, avx, aes, clmul, erms, ht, tsc, tscinvbit, tscinv

Memory: 4k page, physical 8260888k(1103336k free), swap 10210584k(5448k free)

vm_info: Java HotSpot(TM) 64-Bit Server VM (25.60-b23) for windows-amd64 JRE (1.8.0_60-b27), built on Aug  4 2015 11:06:27 by "java_re" with MS VC++ 10.0 (VS2010)

time: Sat Mar 21 19:20:00 2020
elapsed time: 0 seconds (0d 0h 0m 0s)

